e:\github\igra_tankgame3d\igra_tank (playable)\igra_lab\debug\igra_lab.pch
e:\github\igra_tankgame3d\igra_tank (playable)\igra_lab\debug\vc141.pdb
e:\github\igra_tankgame3d\igra_tank (playable)\igra_lab\debug\vc141.idb
e:\github\igra_tankgame3d\igra_tank (playable)\igra_lab\debug\stdafx.obj
e:\github\igra_tankgame3d\igra_tank (playable)\igra_lab\debug\clock.obj
e:\github\igra_tankgame3d\igra_tank (playable)\igra_lab\debug\igra_lab.obj
e:\github\igra_tankgame3d\igra_tank (playable)\igra_lab\debug\projectile.obj
e:\github\igra_tankgame3d\igra_tank (playable)\igra_lab\debug\robotarm.obj
e:\github\igra_tankgame3d\igra_tank (playable)\debug\igra_lab.exe
e:\github\igra_tankgame3d\igra_tank (playable)\debug\igra_lab.ilk
e:\github\igra_tankgame3d\igra_tank (playable)\debug\igra_lab.pdb
e:\github\igra_tankgame3d\igra_tank (playable)\igra_lab\debug\igra_lab.res
e:\github\igra_tankgame3d\igra_tank (playable)\igra_lab\debug\igra_lab.tlog\cl.command.1.tlog
e:\github\igra_tankgame3d\igra_tank (playable)\igra_lab\debug\igra_lab.tlog\cl.read.1.tlog
e:\github\igra_tankgame3d\igra_tank (playable)\igra_lab\debug\igra_lab.tlog\cl.write.1.tlog
e:\github\igra_tankgame3d\igra_tank (playable)\igra_lab\debug\igra_lab.tlog\link.command.1.tlog
e:\github\igra_tankgame3d\igra_tank (playable)\igra_lab\debug\igra_lab.tlog\link.read.1.tlog
e:\github\igra_tankgame3d\igra_tank (playable)\igra_lab\debug\igra_lab.tlog\link.write.1.tlog
e:\github\igra_tankgame3d\igra_tank (playable)\igra_lab\debug\igra_lab.tlog\rc.command.1.tlog
e:\github\igra_tankgame3d\igra_tank (playable)\igra_lab\debug\igra_lab.tlog\rc.read.1.tlog
e:\github\igra_tankgame3d\igra_tank (playable)\igra_lab\debug\igra_lab.tlog\rc.write.1.tlog
